# JRE version: OpenJDK Runtime Environment (17.0.10) (build 17.0.10+0--11572160)
# Java VM: OpenJDK 64-Bit Server VM (17.0.10+0--11572160, mixed mode, tiered, compressed oops, compressed class ptrs, g1 gc, windows-amd64)
GC Precious Log:
 CPUs: 16 total, 16 available
 Memory: 32676M
 Large Page Support: Disabled
 NUMA Support: Disabled
 Compressed Oops: Enabled (32-bit)
 Heap Region Size: 1M
 Heap Min Capacity: 8M
 Heap Initial Capacity: 512M
 Heap Max Capacity: 2G
 Pre-touch: Disabled
 Parallel Workers: 13
 Concurrent Workers: 3
 Concurrent Refinement Workers: 13
 Periodic GC: Disabled
Heap:
 garbage-first heap   total 398336K, used 232944K [0x0000000080000000, 0x0000000100000000)
  region size 1024K, 9 young (9216K), 5 survivors (5120K)
 Metaspace       used 187053K, committed 188288K, reserved 1245184K
  class space    used 23574K, committed 24192K, reserved 1048576K
GC Heap History (20 events):
Event: 86.361 GC heap before
{Heap before GC invocations=128 (full 0):
 garbage-first heap   total 344064K, used 286663K [0x0000000080000000, 0x0000000100000000)
  region size 1024K, 93 young (95232K), 12 survivors (12288K)
 Metaspace       used 166775K, committed 167680K, reserved 1245184K
  class space    used 20925K, committed 21312K, reserved 1048576K
}
Event: 86.366 GC heap after
{Heap after GC invocations=129 (full 0):
 garbage-first heap   total 344064K, used 214416K [0x0000000080000000, 0x0000000100000000)
  region size 1024K, 12 young (12288K), 12 survivors (12288K)
 Metaspace       used 166775K, committed 167680K, reserved 1245184K
  class space    used 20925K, committed 21312K, reserved 1048576K
}
Event: 111.762 GC heap before
{Heap before GC invocations=129 (full 0):
 garbage-first heap   total 344064K, used 285072K [0x0000000080000000, 0x0000000100000000)
  region size 1024K, 81 young (82944K), 12 survivors (12288K)
 Metaspace       used 167398K, committed 168320K, reserved 1245184K
  class space    used 20930K, committed 21312K, reserved 1048576K
}
Event: 111.763 GC heap after
{Heap after GC invocations=130 (full 0):
 garbage-first heap   total 344064K, used 208895K [0x0000000080000000, 0x0000000100000000)
  region size 1024K, 3 young (3072K), 3 survivors (3072K)
 Metaspace       used 167398K, committed 168320K, reserved 1245184K
  class space    used 20930K, committed 21312K, reserved 1048576K
}
Event: 112.019 GC heap before
{Heap before GC invocations=130 (full 0):
 garbage-first heap   total 344064K, used 287743K [0x0000000080000000, 0x0000000100000000)
  region size 1024K, 80 young (81920K), 3 survivors (3072K)
 Metaspace       used 167747K, committed 168704K, reserved 1245184K
  class space    used 20941K, committed 21376K, reserved 1048576K
}
Event: 112.022 GC heap after
{Heap after GC invocations=131 (full 0):
 garbage-first heap   total 344064K, used 217088K [0x0000000080000000, 0x0000000100000000)
  region size 1024K, 10 young (10240K), 10 survivors (10240K)
 Metaspace       used 167747K, committed 168704K, reserved 1245184K
  class space    used 20941K, committed 21376K, reserved 1048576K
}
Event: 112.250 GC heap before
{Heap before GC invocations=131 (full 0):
 garbage-first heap   total 344064K, used 287744K [0x0000000080000000, 0x0000000100000000)
  region size 1024K, 79 young (80896K), 10 survivors (10240K)
 Metaspace       used 168060K, committed 169024K, reserved 1245184K
  class space    used 20951K, committed 21376K, reserved 1048576K
}
Event: 112.255 GC heap after
{Heap after GC invocations=132 (full 0):
 garbage-first heap   total 344064K, used 225907K [0x0000000080000000, 0x0000000100000000)
  region size 1024K, 9 young (9216K), 9 survivors (9216K)
 Metaspace       used 168060K, committed 169024K, reserved 1245184K
  class space    used 20951K, committed 21376K, reserved 1048576K
}
Event: 112.416 GC heap before
{Heap before GC invocations=132 (full 0):
 garbage-first heap   total 344064K, used 288371K [0x0000000080000000, 0x0000000100000000)
  region size 1024K, 69 young (70656K), 9 survivors (9216K)
 Metaspace       used 168854K, committed 169920K, reserved 1245184K
  class space    used 21068K, committed 21568K, reserved 1048576K
}
Event: 112.420 GC heap after
{Heap after GC invocations=133 (full 0):
 garbage-first heap   total 344064K, used 232542K [0x0000000080000000, 0x0000000100000000)
  region size 1024K, 7 young (7168K), 7 survivors (7168K)
 Metaspace       used 168854K, committed 169920K, reserved 1245184K
  class space    used 21068K, committed 21568K, reserved 1048576K
}
Event: 112.632 GC heap before
{Heap before GC invocations=133 (full 0):
 garbage-first heap   total 344064K, used 288862K [0x0000000080000000, 0x0000000100000000)
  region size 1024K, 62 young (63488K), 7 survivors (7168K)
 Metaspace       used 169389K, committed 170432K, reserved 1245184K
  class space    used 21074K, committed 21568K, reserved 1048576K
}
Event: 112.635 GC heap after
{Heap after GC invocations=134 (full 0):
 garbage-first heap   total 344064K, used 241133K [0x0000000080000000, 0x0000000100000000)
  region size 1024K, 8 young (8192K), 8 survivors (8192K)
 Metaspace       used 169389K, committed 170432K, reserved 1245184K
  class space    used 21074K, committed 21568K, reserved 1048576K
}
Event: 113.071 GC heap before
{Heap before GC invocations=135 (full 0):
 garbage-first heap   total 398336K, used 280045K [0x0000000080000000, 0x0000000100000000)
  region size 1024K, 52 young (53248K), 8 survivors (8192K)
 Metaspace       used 172877K, committed 173952K, reserved 1245184K
  class space    used 21507K, committed 22016K, reserved 1048576K
}
Event: 113.074 GC heap after
{Heap after GC invocations=136 (full 0):
 garbage-first heap   total 398336K, used 238154K [0x0000000080000000, 0x0000000100000000)
  region size 1024K, 3 young (3072K), 3 survivors (3072K)
 Metaspace       used 172877K, committed 173952K, reserved 1245184K
  class space    used 21507K, committed 22016K, reserved 1048576K
}
Event: 113.163 GC heap before
{Heap before GC invocations=136 (full 0):
 garbage-first heap   total 398336K, used 254538K [0x0000000080000000, 0x0000000100000000)
  region size 1024K, 19 young (19456K), 3 survivors (3072K)
 Metaspace       used 173918K, committed 174976K, reserved 1245184K
  class space    used 21653K, committed 22144K, reserved 1048576K
}
Event: 113.167 GC heap after
{Heap after GC invocations=137 (full 0):
 garbage-first heap   total 398336K, used 210762K [0x0000000080000000, 0x0000000100000000)
  region size 1024K, 1 young (1024K), 1 survivors (1024K)
 Metaspace       used 173918K, committed 174976K, reserved 1245184K
  class space    used 21653K, committed 22144K, reserved 1048576K
}
Event: 113.937 GC heap before
{Heap before GC invocations=137 (full 0):
 garbage-first heap   total 398336K, used 343882K [0x0000000080000000, 0x0000000100000000)
  region size 1024K, 116 young (118784K), 1 survivors (1024K)
 Metaspace       used 182741K, committed 183872K, reserved 1245184K
  class space    used 22943K, committed 23488K, reserved 1048576K
}
Event: 113.941 GC heap after
{Heap after GC invocations=138 (full 0):
 garbage-first heap   total 398336K, used 225546K [0x0000000080000000, 0x0000000100000000)
  region size 1024K, 12 young (12288K), 12 survivors (12288K)
 Metaspace       used 182741K, committed 183872K, reserved 1245184K
  class space    used 22943K, committed 23488K, reserved 1048576K
}
Event: 126.295 GC heap before
{Heap before GC invocations=138 (full 0):
 garbage-first heap   total 398336K, used 328970K [0x0000000080000000, 0x0000000100000000)
  region size 1024K, 113 young (115712K), 12 survivors (12288K)
 Metaspace       used 187052K, committed 188288K, reserved 1245184K
  class space    used 23574K, committed 24192K, reserved 1048576K
}
Event: 126.299 GC heap after
{Heap after GC invocations=139 (full 0):
 garbage-first heap   total 398336K, used 229872K [0x0000000080000000, 0x0000000100000000)
  region size 1024K, 5 young (5120K), 5 survivors (5120K)
 Metaspace       used 187052K, committed 188288K, reserved 1245184K
  class space    used 23574K, committed 24192K, reserved 1048576K
}

