# JRE version: OpenJDK Runtime Environment (17.0.10) (build 17.0.10+0--11572160)
# Java VM: OpenJDK 64-Bit Server VM (17.0.10+0--11572160, mixed mode, tiered, compressed oops, compressed class ptrs, g1 gc, windows-amd64)
GC Precious Log:
 CPUs: 16 total, 16 available
 Memory: 32676M
 Large Page Support: Disabled
 NUMA Support: Disabled
 Compressed Oops: Enabled (32-bit)
 Heap Region Size: 1M
 Heap Min Capacity: 8M
 Heap Initial Capacity: 512M
 Heap Max Capacity: 2G
 Pre-touch: Disabled
 Parallel Workers: 13
 Concurrent Workers: 3
 Concurrent Refinement Workers: 13
 Periodic GC: Disabled
Heap:
 garbage-first heap   total 297984K, used 143153K [0x0000000080000000, 0x0000000100000000)
  region size 1024K, 93 young (95232K), 2 survivors (2048K)
 Metaspace       used 58316K, committed 58880K, reserved 1114112K
  class space    used 8097K, committed 8384K, reserved 1048576K
GC Heap History (20 events):
Event: 1.949 GC heap before
{Heap before GC invocations=5 (full 0):
 garbage-first heap   total 71680K, used 49578K [0x0000000080000000, 0x0000000100000000)
  region size 1024K, 32 young (32768K), 3 survivors (3072K)
 Metaspace       used 30500K, committed 30784K, reserved 1114112K
  class space    used 4083K, committed 4224K, reserved 1048576K
}
Event: 1.950 GC heap after
{Heap after GC invocations=6 (full 0):
 garbage-first heap   total 71680K, used 22293K [0x0000000080000000, 0x0000000100000000)
  region size 1024K, 4 young (4096K), 4 survivors (4096K)
 Metaspace       used 30500K, committed 30784K, reserved 1114112K
  class space    used 4083K, committed 4224K, reserved 1048576K
}
Event: 2.201 GC heap before
{Heap before GC invocations=6 (full 0):
 garbage-first heap   total 71680K, used 51989K [0x0000000080000000, 0x0000000100000000)
  region size 1024K, 33 young (33792K), 4 survivors (4096K)
 Metaspace       used 34316K, committed 34624K, reserved 1114112K
  class space    used 4706K, committed 4864K, reserved 1048576K
}
Event: 2.202 GC heap after
{Heap after GC invocations=7 (full 0):
 garbage-first heap   total 71680K, used 23730K [0x0000000080000000, 0x0000000100000000)
  region size 1024K, 4 young (4096K), 4 survivors (4096K)
 Metaspace       used 34316K, committed 34624K, reserved 1114112K
  class space    used 4706K, committed 4864K, reserved 1048576K
}
Event: 2.278 GC heap before
{Heap before GC invocations=7 (full 0):
 garbage-first heap   total 71680K, used 29874K [0x0000000080000000, 0x0000000100000000)
  region size 1024K, 12 young (12288K), 4 survivors (4096K)
 Metaspace       used 35627K, committed 35968K, reserved 1114112K
  class space    used 4897K, committed 5056K, reserved 1048576K
}
Event: 2.280 GC heap after
{Heap after GC invocations=8 (full 0):
 garbage-first heap   total 71680K, used 24400K [0x0000000080000000, 0x0000000100000000)
  region size 1024K, 3 young (3072K), 3 survivors (3072K)
 Metaspace       used 35627K, committed 35968K, reserved 1114112K
  class space    used 4897K, committed 5056K, reserved 1048576K
}
Event: 2.520 GC heap before
{Heap before GC invocations=9 (full 0):
 garbage-first heap   total 71680K, used 53072K [0x0000000080000000, 0x0000000100000000)
  region size 1024K, 32 young (32768K), 3 survivors (3072K)
 Metaspace       used 40940K, committed 41280K, reserved 1114112K
  class space    used 5418K, committed 5568K, reserved 1048576K
}
Event: 2.522 GC heap after
{Heap after GC invocations=10 (full 0):
 garbage-first heap   total 71680K, used 28518K [0x0000000080000000, 0x0000000100000000)
  region size 1024K, 4 young (4096K), 4 survivors (4096K)
 Metaspace       used 40940K, committed 41280K, reserved 1114112K
  class space    used 5418K, committed 5568K, reserved 1048576K
}
Event: 2.675 GC heap before
{Heap before GC invocations=10 (full 0):
 garbage-first heap   total 71680K, used 55142K [0x0000000080000000, 0x0000000100000000)
  region size 1024K, 30 young (30720K), 4 survivors (4096K)
 Metaspace       used 42064K, committed 42496K, reserved 1114112K
  class space    used 5599K, committed 5760K, reserved 1048576K
}
Event: 2.678 GC heap after
{Heap after GC invocations=11 (full 0):
 garbage-first heap   total 71680K, used 30403K [0x0000000080000000, 0x0000000100000000)
  region size 1024K, 2 young (2048K), 2 survivors (2048K)
 Metaspace       used 42064K, committed 42496K, reserved 1114112K
  class space    used 5599K, committed 5760K, reserved 1048576K
}
Event: 2.976 GC heap before
{Heap before GC invocations=11 (full 0):
 garbage-first heap   total 71680K, used 56003K [0x0000000080000000, 0x0000000100000000)
  region size 1024K, 27 young (27648K), 2 survivors (2048K)
 Metaspace       used 45285K, committed 45696K, reserved 1114112K
  class space    used 6140K, committed 6336K, reserved 1048576K
}
Event: 2.978 GC heap after
{Heap after GC invocations=12 (full 0):
 garbage-first heap   total 71680K, used 32296K [0x0000000080000000, 0x0000000100000000)
  region size 1024K, 4 young (4096K), 4 survivors (4096K)
 Metaspace       used 45285K, committed 45696K, reserved 1114112K
  class space    used 6140K, committed 6336K, reserved 1048576K
}
Event: 3.175 GC heap before
{Heap before GC invocations=12 (full 0):
 garbage-first heap   total 71680K, used 55848K [0x0000000080000000, 0x0000000100000000)
  region size 1024K, 27 young (27648K), 4 survivors (4096K)
 Metaspace       used 48107K, committed 48576K, reserved 1114112K
  class space    used 6581K, committed 6784K, reserved 1048576K
}
Event: 3.176 GC heap after
{Heap after GC invocations=13 (full 0):
 garbage-first heap   total 71680K, used 33235K [0x0000000080000000, 0x0000000100000000)
  region size 1024K, 4 young (4096K), 4 survivors (4096K)
 Metaspace       used 48107K, committed 48576K, reserved 1114112K
  class space    used 6581K, committed 6784K, reserved 1048576K
}
Event: 3.383 GC heap before
{Heap before GC invocations=13 (full 0):
 garbage-first heap   total 71680K, used 55763K [0x0000000080000000, 0x0000000100000000)
  region size 1024K, 26 young (26624K), 4 survivors (4096K)
 Metaspace       used 51130K, committed 51520K, reserved 1114112K
  class space    used 7057K, committed 7232K, reserved 1048576K
}
Event: 3.384 GC heap after
{Heap after GC invocations=14 (full 0):
 garbage-first heap   total 71680K, used 34882K [0x0000000080000000, 0x0000000100000000)
  region size 1024K, 3 young (3072K), 3 survivors (3072K)
 Metaspace       used 51130K, committed 51520K, reserved 1114112K
  class space    used 7057K, committed 7232K, reserved 1048576K
}
Event: 3.485 GC heap before
{Heap before GC invocations=14 (full 0):
 garbage-first heap   total 71680K, used 44098K [0x0000000080000000, 0x0000000100000000)
  region size 1024K, 14 young (14336K), 3 survivors (3072K)
 Metaspace       used 52390K, committed 52864K, reserved 1114112K
  class space    used 7266K, committed 7488K, reserved 1048576K
}
Event: 3.487 GC heap after
{Heap after GC invocations=15 (full 0):
 garbage-first heap   total 71680K, used 35614K [0x0000000080000000, 0x0000000100000000)
  region size 1024K, 3 young (3072K), 3 survivors (3072K)
 Metaspace       used 52390K, committed 52864K, reserved 1114112K
  class space    used 7266K, committed 7488K, reserved 1048576K
}
Event: 3.738 GC heap before
{Heap before GC invocations=16 (full 0):
 garbage-first heap   total 71680K, used 58142K [0x0000000080000000, 0x0000000100000000)
  region size 1024K, 24 young (24576K), 3 survivors (3072K)
 Metaspace       used 55450K, committed 56000K, reserved 1114112K
  class space    used 7630K, committed 7872K, reserved 1048576K
}
Event: 3.741 GC heap after
{Heap after GC invocations=17 (full 0):
 garbage-first heap   total 297984K, used 36657K [0x0000000080000000, 0x0000000100000000)
  region size 1024K, 2 young (2048K), 2 survivors (2048K)
 Metaspace       used 55450K, committed 56000K, reserved 1114112K
  class space    used 7630K, committed 7872K, reserved 1048576K
}

