# JRE version: OpenJDK Runtime Environment (17.0.10) (build 17.0.10+0--11572160)
# Java VM: OpenJDK 64-Bit Server VM (17.0.10+0--11572160, mixed mode, tiered, compressed oops, compressed class ptrs, g1 gc, windows-amd64)
GC Precious Log:
 CPUs: 16 total, 16 available
 Memory: 32676M
 Large Page Support: Disabled
 NUMA Support: Disabled
 Compressed Oops: Enabled (32-bit)
 Heap Region Size: 1M
 Heap Min Capacity: 8M
 Heap Initial Capacity: 512M
 Heap Max Capacity: 2G
 Pre-touch: Disabled
 Parallel Workers: 13
 Concurrent Workers: 3
 Concurrent Refinement Workers: 13
 Periodic GC: Disabled
Heap:
 garbage-first heap   total 296960K, used 96430K [0x0000000080000000, 0x0000000100000000)
  region size 1024K, 3 young (3072K), 2 survivors (2048K)
 Metaspace       used 99965K, committed 100672K, reserved 1179648K
  class space    used 13861K, committed 14208K, reserved 1048576K
GC Heap History (20 events):
Event: 3.436 GC heap before
{Heap before GC invocations=12 (full 0):
 garbage-first heap   total 68608K, used 52897K [0x0000000080000000, 0x0000000100000000)
  region size 1024K, 25 young (25600K), 4 survivors (4096K)
 Metaspace       used 47209K, committed 47680K, reserved 1114112K
  class space    used 6449K, committed 6656K, reserved 1048576K
}
Event: 3.438 GC heap after
{Heap after GC invocations=13 (full 0):
 garbage-first heap   total 68608K, used 32444K [0x0000000080000000, 0x0000000100000000)
  region size 1024K, 4 young (4096K), 4 survivors (4096K)
 Metaspace       used 47209K, committed 47680K, reserved 1114112K
  class space    used 6449K, committed 6656K, reserved 1048576K
}
Event: 3.625 GC heap before
{Heap before GC invocations=13 (full 0):
 garbage-first heap   total 68608K, used 52924K [0x0000000080000000, 0x0000000100000000)
  region size 1024K, 24 young (24576K), 4 survivors (4096K)
 Metaspace       used 50089K, committed 50560K, reserved 1114112K
  class space    used 6871K, committed 7104K, reserved 1048576K
}
Event: 3.626 GC heap after
{Heap after GC invocations=14 (full 0):
 garbage-first heap   total 68608K, used 33695K [0x0000000080000000, 0x0000000100000000)
  region size 1024K, 3 young (3072K), 3 survivors (3072K)
 Metaspace       used 50089K, committed 50560K, reserved 1114112K
  class space    used 6871K, committed 7104K, reserved 1048576K
}
Event: 3.815 GC heap before
{Heap before GC invocations=14 (full 0):
 garbage-first heap   total 68608K, used 53151K [0x0000000080000000, 0x0000000100000000)
  region size 1024K, 23 young (23552K), 3 survivors (3072K)
 Metaspace       used 52401K, committed 52864K, reserved 1114112K
  class space    used 7263K, committed 7488K, reserved 1048576K
}
Event: 3.816 GC heap after
{Heap after GC invocations=15 (full 0):
 garbage-first heap   total 68608K, used 35003K [0x0000000080000000, 0x0000000100000000)
  region size 1024K, 3 young (3072K), 3 survivors (3072K)
 Metaspace       used 52401K, committed 52864K, reserved 1114112K
  class space    used 7263K, committed 7488K, reserved 1048576K
}
Event: 4.036 GC heap before
{Heap before GC invocations=16 (full 0):
 garbage-first heap   total 68608K, used 56507K [0x0000000080000000, 0x0000000100000000)
  region size 1024K, 22 young (22528K), 3 survivors (3072K)
 Metaspace       used 55236K, committed 55808K, reserved 1114112K
  class space    used 7591K, committed 7872K, reserved 1048576K
}
Event: 4.038 GC heap after
{Heap after GC invocations=17 (full 0):
 garbage-first heap   total 296960K, used 35853K [0x0000000080000000, 0x0000000100000000)
  region size 1024K, 3 young (3072K), 3 survivors (3072K)
 Metaspace       used 55236K, committed 55808K, reserved 1114112K
  class space    used 7591K, committed 7872K, reserved 1048576K
}
Event: 5.202 GC heap before
{Heap before GC invocations=17 (full 0):
 garbage-first heap   total 296960K, used 225293K [0x0000000080000000, 0x0000000100000000)
  region size 1024K, 174 young (178176K), 3 survivors (3072K)
 Metaspace       used 65996K, committed 66624K, reserved 1114112K
  class space    used 8932K, committed 9216K, reserved 1048576K
}
Event: 5.207 GC heap after
{Heap after GC invocations=18 (full 0):
 garbage-first heap   total 296960K, used 65023K [0x0000000080000000, 0x0000000100000000)
  region size 1024K, 17 young (17408K), 17 survivors (17408K)
 Metaspace       used 65996K, committed 66624K, reserved 1114112K
  class space    used 8932K, committed 9216K, reserved 1048576K
}
Event: 6.245 GC heap before
{Heap before GC invocations=18 (full 0):
 garbage-first heap   total 296960K, used 225791K [0x0000000080000000, 0x0000000100000000)
  region size 1024K, 165 young (168960K), 17 survivors (17408K)
 Metaspace       used 80000K, committed 80640K, reserved 1179648K
  class space    used 10846K, committed 11136K, reserved 1048576K
}
Event: 6.251 GC heap after
{Heap after GC invocations=19 (full 0):
 garbage-first heap   total 296960K, used 80929K [0x0000000080000000, 0x0000000100000000)
  region size 1024K, 11 young (11264K), 11 survivors (11264K)
 Metaspace       used 80000K, committed 80640K, reserved 1179648K
  class space    used 10846K, committed 11136K, reserved 1048576K
}
Event: 7.093 GC heap before
{Heap before GC invocations=19 (full 0):
 garbage-first heap   total 296960K, used 223265K [0x0000000080000000, 0x0000000100000000)
  region size 1024K, 149 young (152576K), 11 survivors (11264K)
 Metaspace       used 87731K, committed 88384K, reserved 1179648K
  class space    used 12031K, committed 12352K, reserved 1048576K
}
Event: 7.097 GC heap after
{Heap after GC invocations=20 (full 0):
 garbage-first heap   total 296960K, used 88333K [0x0000000080000000, 0x0000000100000000)
  region size 1024K, 8 young (8192K), 8 survivors (8192K)
 Metaspace       used 87731K, committed 88384K, reserved 1179648K
  class space    used 12031K, committed 12352K, reserved 1048576K
}
Event: 7.172 GC heap before
{Heap before GC invocations=20 (full 0):
 garbage-first heap   total 296960K, used 100621K [0x0000000080000000, 0x0000000100000000)
  region size 1024K, 21 young (21504K), 8 survivors (8192K)
 Metaspace       used 88620K, committed 89280K, reserved 1179648K
  class space    used 12207K, committed 12544K, reserved 1048576K
}
Event: 7.174 GC heap after
{Heap after GC invocations=21 (full 0):
 garbage-first heap   total 296960K, used 88751K [0x0000000080000000, 0x0000000100000000)
  region size 1024K, 9 young (9216K), 9 survivors (9216K)
 Metaspace       used 88620K, committed 89280K, reserved 1179648K
  class space    used 12207K, committed 12544K, reserved 1048576K
}
Event: 8.313 GC heap before
{Heap before GC invocations=22 (full 0):
 garbage-first heap   total 296960K, used 235183K [0x0000000080000000, 0x0000000100000000)
  region size 1024K, 152 young (155648K), 9 survivors (9216K)
 Metaspace       used 99884K, committed 100608K, reserved 1179648K
  class space    used 13853K, committed 14208K, reserved 1048576K
}
Event: 8.318 GC heap after
{Heap after GC invocations=23 (full 0):
 garbage-first heap   total 296960K, used 95721K [0x0000000080000000, 0x0000000100000000)
  region size 1024K, 15 young (15360K), 15 survivors (15360K)
 Metaspace       used 99884K, committed 100608K, reserved 1179648K
  class space    used 13853K, committed 14208K, reserved 1048576K
}
Event: 8.322 GC heap before
{Heap before GC invocations=23 (full 0):
 garbage-first heap   total 296960K, used 96745K [0x0000000080000000, 0x0000000100000000)
  region size 1024K, 16 young (16384K), 15 survivors (15360K)
 Metaspace       used 99935K, committed 100672K, reserved 1179648K
  class space    used 13857K, committed 14208K, reserved 1048576K
}
Event: 8.326 GC heap after
{Heap after GC invocations=24 (full 0):
 garbage-first heap   total 296960K, used 96430K [0x0000000080000000, 0x0000000100000000)
  region size 1024K, 2 young (2048K), 2 survivors (2048K)
 Metaspace       used 99935K, committed 100672K, reserved 1179648K
  class space    used 13857K, committed 14208K, reserved 1048576K
}

